{
  "RSpec": {
    "coverage": {
      "/home/viet/workspace/my-projects/demo-backend/config/environment.rb": {
        "lines": [
          null,
          null,
          null,
          1,
          null,
          null,
          1
        ]
      },
      "/home/viet/workspace/my-projects/demo-backend/config/application.rb": {
        "lines": [
          null,
          null,
          1,
          null,
          1,
          null,
          null,
          null,
          1,
          null,
          1,
          null,
          1,
          1,
          1,
          4,
          3,
          null,
          null,
          1,
          1,
          1,
          1,
          null,
          null,
          null,
          null,
          1,
          null,
          null,
          null,
          null,
          null,
          null,
          null,
          null,
          null,
          null,
          null,
          null,
          1,
          null,
          1,
          1,
          null,
          null,
          null
        ]
      },
      "/home/viet/workspace/my-projects/demo-backend/config/boot.rb": {
        "lines": [
          null,
          null,
          1,
          null,
          1,
          1
        ]
      },
      "/home/viet/workspace/my-projects/demo-backend/config/environments/test.rb": {
        "lines": [
          null,
          null,
          1,
          null,
          null,
          null,
          null,
          null,
          null,
          1,
          null,
          null,
          null,
          1,
          null,
          null,
          null,
          null,
          1,
          null,
          null,
          1,
          1,
          null,
          null,
          null,
          null,
          1,
          1,
          1,
          null,
          null,
          1,
          null,
          null,
          1,
          null,
          null,
          1,
          null,
          1,
          null,
          null,
          null,
          null,
          1,
          null,
          null,
          1,
          null,
          null,
          1,
          null,
          null,
          1,
          null,
          null,
          null,
          null,
          null,
          null,
          null
        ]
      },
      "/home/viet/workspace/my-projects/demo-backend/config/initializers/constants.rb": {
        "lines": [
          null,
          null,
          1,
          1
        ]
      },
      "/home/viet/workspace/my-projects/demo-backend/config/initializers/cors.rb": {
        "lines": [
          null,
          null,
          null,
          null,
          null,
          null,
          null,
          null,
          null,
          null,
          null,
          null,
          null,
          null,
          null,
          null,
          null
        ]
      },
      "/home/viet/workspace/my-projects/demo-backend/config/initializers/filter_parameter_logging.rb": {
        "lines": [
          null,
          null,
          null,
          null,
          null,
          null,
          null,
          1,
          null,
          null
        ]
      },
      "/home/viet/workspace/my-projects/demo-backend/config/initializers/inflections.rb": {
        "lines": [
          null,
          null,
          null,
          null,
          null,
          null,
          null,
          null,
          null,
          null,
          null,
          null,
          null,
          null,
          null,
          null,
          null
        ]
      },
      "/home/viet/workspace/my-projects/demo-backend/config/initializers/sidekiq.rb": {
        "lines": [
          null,
          null,
          1,
          1,
          1,
          1,
          1,
          1,
          null,
          null,
          1,
          null,
          null,
          null,
          null,
          null,
          null,
          1,
          1,
          null,
          1,
          0,
          0,
          0,
          null,
          null,
          1,
          1,
          null
        ]
      },
      "/home/viet/workspace/my-projects/demo-backend/config/routes.rb": {
        "lines": [
          null,
          null,
          1,
          1,
          1,
          1,
          null,
          1,
          null,
          null,
          null,
          null,
          1,
          1,
          1,
          null,
          null,
          1,
          null
        ]
      },
      "/home/viet/workspace/my-projects/demo-backend/app/helpers/fetch_data_helper.rb": {
        "lines": [
          1,
          1,
          1,
          1,
          0,
          0,
          0,
          null,
          1,
          1,
          1,
          1,
          1,
          null,
          null
        ]
      },
      "/home/viet/workspace/my-projects/demo-backend/app/helpers/time_helper.rb": {
        "lines": [
          null,
          null,
          1,
          1,
          1,
          4,
          null,
          1,
          null,
          1,
          null,
          null,
          null
        ]
      },
      "/home/viet/workspace/my-projects/demo-backend/app/controllers/articles_controller.rb": {
        "lines": [
          null,
          null,
          1,
          1,
          1,
          1,
          null,
          1,
          1,
          1,
          null,
          1,
          null,
          null,
          1,
          1,
          1,
          1,
          null,
          null,
          1,
          0,
          null,
          null
        ]
      },
      "/home/viet/workspace/my-projects/demo-backend/app/controllers/application_controller.rb": {
        "lines": [
          null,
          null,
          1,
          null
        ]
      },
      "/home/viet/workspace/my-projects/demo-backend/app/services/caching_service.rb": {
        "lines": [
          null,
          null,
          1,
          1,
          null,
          1,
          6,
          null,
          null,
          null,
          null,
          null,
          null,
          null,
          null,
          null,
          null,
          null,
          1,
          1,
          null,
          null,
          1,
          0,
          null,
          null,
          1,
          0,
          null,
          null,
          1,
          0,
          null,
          null
        ]
      },
      "/home/viet/workspace/my-projects/demo-backend/app/services/fetch/detail_article.rb": {
        "lines": [
          null,
          null,
          1,
          1,
          1,
          null,
          1,
          null,
          null,
          7,
          7,
          7,
          null,
          null,
          1,
          6,
          6,
          null,
          6,
          6,
          null,
          null,
          1,
          null,
          1,
          6,
          6,
          null,
          null,
          1,
          5,
          5,
          8,
          null,
          null,
          null,
          1,
          1,
          1,
          1,
          null,
          0,
          null,
          null,
          null
        ]
      },
      "/home/viet/workspace/my-projects/demo-backend/app/services/fetch/list_articles.rb": {
        "lines": [
          null,
          null,
          1,
          1,
          1,
          4,
          null,
          null,
          1,
          3,
          3,
          null,
          3,
          3,
          3,
          null,
          2,
          null,
          null,
          1,
          null,
          1,
          null,
          1,
          3,
          null,
          null,
          null,
          null,
          null,
          null,
          null,
          null,
          3,
          null,
          null,
          1,
          2,
          2,
          4,
          4,
          4,
          4,
          4,
          4,
          4,
          4,
          4,
          8,
          null,
          4,
          null,
          2,
          2,
          null,
          null,
          1,
          3,
          null,
          null,
          1,
          2,
          null,
          null,
          1,
          4,
          null,
          0,
          0,
          null,
          null,
          null
        ]
      },
      "/home/viet/workspace/my-projects/demo-backend/app/services/parsing_service.rb": {
        "lines": [
          null,
          null,
          1,
          1,
          null,
          1,
          5,
          5,
          null,
          null,
          1,
          5,
          5,
          null,
          4,
          4,
          19,
          null,
          4,
          null,
          1,
          1,
          null,
          null
        ]
      },
      "/home/viet/workspace/my-projects/demo-backend/app/services/ruby_readability_service.rb": {
        "lines": [
          null,
          null,
          1,
          1,
          1,
          null,
          1,
          null,
          1,
          3,
          3,
          2,
          null,
          null,
          null,
          null,
          null,
          null,
          null,
          null,
          null,
          1,
          1,
          null,
          null,
          null
        ]
      },
      "/home/viet/workspace/my-projects/demo-backend/app/jobs/cache_page_worker.rb": {
        "lines": [
          null,
          null,
          1,
          1,
          1,
          null,
          1,
          0,
          null,
          null
        ]
      },
      "/home/viet/workspace/my-projects/demo-backend/app/jobs/fetch_short_desc_worker.rb": {
        "lines": [
          null,
          null,
          1,
          1,
          1,
          null,
          1,
          0,
          0,
          0,
          0,
          null,
          null,
          0,
          null,
          null
        ]
      }
    },
    "timestamp": 1659373122
  }
}
